Internal ctest changing into directory: /home/workspace/build
Test project /home/workspace/build
    Start 12: test-regression
1/1 Test #12: test-regression ..................***Failed    0.01 sec
#
# test_libchewing_data_issue_1
#
ok 1 preedit buffer check function returned `1' shall be `1'
ok 2 preedit buffer get length function returned `2' shall be `2'
ok 3 preedit buffer string function returned `趕走' shall be `趕走'
ok 4 preedit buffer string function returned `趕走' shall be `趕走'
#
# test_libchewing_issue_30
#
ok 5 cursor position `2' shall be `2'
#
# test_libchewing_issue_108
#
#
# test_libchewing_issue_194
#
not ok 6 commit buffer check function returned `0' shall be `1'
# actual_ret == expected_ret failed in /home/workspace/test/test-regression.c:123
ok 7 commit buffer string function returned `t' shall be `t'
ok 8 commit buffer string function returned `t' shall be `t'
#
# test_libchewing_googlecode_issue_472
#
#
# test_libchewing_googlecode_issue_473
#


0% tests passed, 1 tests failed out of 1

Total Test time (real) =   0.01 sec

The following tests FAILED:
	 12 - test-regression (Failed)
Errors while running CTest
