./A01grammar.ztst: starting.
This test hangs the shell when it fails...
--- /tmp/zsh.ztst.120/ztst.out	2024-02-14 11:57:37.559332985 +0000
+++ /tmp/zsh.ztst.120/ztst.tout	2024-02-14 11:57:37.567333012 +0000
@@ -1,2 +1,2 @@
 foo
-bar
+
Test ./A01grammar.ztst failed: output differs from expected as shown above for:
 echo 'echo foo # comment
  echo $(
  echo bar # comment
 )' >source_comments.zsh
 $ZTST_testdir/../Src/zsh -f -o extendedglob -is -c '. ./source_comments.zsh'
Error output:
./source_comments.zsh:3: bad pattern: #
Was testing: Comments should be handled in command subst in interactively sourced files
./A01grammar.ztst: test failed.
**************************************
0 successful test scripts, 1 failure, 0 skipped
**************************************
Makefile:189: recipe for target 'check' failed
make[1]: *** [check] Error 1
Makefile:263: recipe for target 'check' failed
make: *** [check] Error 2
