Internal ctest changing into directory: /home/workspace/build
Test project /home/workspace/build
    Start 1: test-bopomofo
1/1 Test #1: test-bopomofo ....................***Failed    0.05 sec
#
# test_select_candidate_no_rearward
#
ok 1 shall has next candidate
ok 2 candidate `一上來' shall be `一上來'
ok 3 candndate `一上來' shall be `一上來'
ok 4 shall has next candidate
ok 5 candidate `移上來' shall be `移上來'
ok 6 candndate `移上來' shall be `移上來'
ok 7 shall not have next candidate
ok 8 candndate `' shall be `'
ok 9 candndate `' shall be `'
ok 10 shall has next candidate
ok 11 candidate `移上' shall be `移上'
ok 12 candndate `移上' shall be `移上'
ok 13 shall not have next candidate
ok 14 candndate `' shall be `'
ok 15 candndate `' shall be `'
ok 16 commit buffer check function returned `1' shall be `1'
ok 17 commit buffer string function returned `移上來' shall be `移上來'
ok 18 commit buffer string function returned `移上來' shall be `移上來'
#
# test_select_candidate_rearward
#
ok 19 preedit buffer check function returned `1' shall be `1'
ok 20 preedit buffer get length function returned `3' shall be `3'
ok 21 preedit buffer string function returned `一上來' shall be `一上來'
ok 22 preedit buffer string function returned `一上來' shall be `一上來'
ok 23 shall has next candidate
ok 24 candidate `一上來' shall be `一上來'
ok 25 candndate `一上來' shall be `一上來'
ok 26 shall has next candidate
ok 27 candidate `移上來' shall be `移上來'
ok 28 candndate `移上來' shall be `移上來'
ok 29 shall not have next candidate
ok 30 candndate `' shall be `'
ok 31 candndate `' shall be `'
ok 32 shall has next candidate
ok 33 candidate `上來' shall be `上來'
ok 34 candndate `上來' shall be `上來'
ok 35 shall not have next candidate
ok 36 candndate `' shall be `'
ok 37 candndate `' shall be `'
ok 38 commit buffer check function returned `1' shall be `1'
ok 39 commit buffer string function returned `移上來' shall be `移上來'
ok 40 commit buffer string function returned `移上來' shall be `移上來'
#
# test_select_candidate_no_rearward_with_symbol
#
ok 41 chewing_cand_TotalChoice() returns `5' shall greater than 0 at pos `0'
ok 42 candidate `測試' length `2' shall be `2' at pos `0'
ok 43 chewing_cand_TotalChoice() returns `100' shall greater than 0 at pos `1'
ok 44 candidate `市' length `1' shall be `1' at pos `1'
ok 45 chewing_cand_TotalChoice() returns `2' shall greater than 0 at pos `2'
ok 46 candidate `，' length `1' shall be `1' at pos `2'
ok 47 chewing_cand_TotalChoice() returns `3' shall greater than 0 at pos `3'
ok 48 candidate `一下' length `2' shall be `2' at pos `3'
ok 49 chewing_cand_TotalChoice() returns `23' shall greater than 0 at pos `4'
ok 50 candidate `下' length `1' shall be `1' at pos `4'
#
# test_select_candidate_rearward_with_symbol
#
ok 51 chewing_cand_TotalChoice() returns `26' shall greater than 0 at pos `0'
ok 52 candidate `冊' length `1' shall be `1' at pos `0'
ok 53 chewing_cand_TotalChoice() returns `5' shall greater than 0 at pos `1'
ok 54 candidate `測試' length `2' shall be `2' at pos `1'
ok 55 chewing_cand_TotalChoice() returns `2' shall greater than 0 at pos `2'
ok 56 candidate `，' length `1' shall be `1' at pos `2'
ok 57 chewing_cand_TotalChoice() returns `108' shall greater than 0 at pos `3'
ok 58 candidate `遺' length `1' shall be `1' at pos `3'
ok 59 chewing_cand_TotalChoice() returns `3' shall greater than 0 at pos `4'
ok 60 candidate `一下' length `2' shall be `2' at pos `4'
#
# test_select_candidate_no_rearward_start_with_symbol
#
ok 61 chewing_cand_TotalChoice() returns `2' shall greater than 0 at pos `0'
ok 62 candidate `，' length `1' shall be `1' at pos `0'
ok 63 chewing_cand_TotalChoice() returns `5' shall greater than 0 at pos `1'
ok 64 candidate `測試' length `2' shall be `2' at pos `1'
ok 65 chewing_cand_TotalChoice() returns `100' shall greater than 0 at pos `2'
ok 66 candidate `市' length `1' shall be `1' at pos `2'
#
# test_select_candidate_rearward_start_with_symbol
#
ok 67 chewing_cand_TotalChoice() returns `2' shall greater than 0 at pos `0'
ok 68 candidate `，' length `1' shall be `1' at pos `0'
ok 69 chewing_cand_TotalChoice() returns `26' shall greater than 0 at pos `1'
ok 70 candidate `冊' length `1' shall be `1' at pos `1'
ok 71 chewing_cand_TotalChoice() returns `5' shall greater than 0 at pos `2'
ok 72 candidate `測試' length `2' shall be `2' at pos `2'
#
# test_select_candidate_4_bytes_utf8
#
ok 73 preedit buffer check function returned `1' shall be `1'
ok 74 preedit buffer get length function returned `2' shall be `2'
ok 75 preedit buffer string function returned `得得' shall be `得得'
ok 76 preedit buffer string function returned `得得' shall be `得得'
ok 77 preedit buffer check function returned `1' shall be `1'
ok 78 preedit buffer get length function returned `2' shall be `2'
ok 79 preedit buffer string function returned `𢔨得' shall be `𢔨得'
ok 80 preedit buffer string function returned `𢔨得' shall be `𢔨得'
ok 81 preedit buffer check function returned `1' shall be `1'
ok 82 preedit buffer get length function returned `2' shall be `2'
ok 83 preedit buffer string function returned `𢔨𢔨' shall be `𢔨𢔨'
ok 84 preedit buffer string function returned `𢔨𢔨' shall be `𢔨𢔨'
#
# test_del_bopomofo_as_mode_switch
#
ok 85 bopomofo buffer check function returned `1' shall be `1'
ok 86 bopomofo buffer check function returned `0' shall be `0'
ok 87 bopomofo buffer string function returned parameter `2' shall be `2'
ok 88 bopomofo buffer string function returned `ㄉㄜ' shall be `ㄉㄜ'
ok 89 bopomofo buffer string function returned `ㄉㄜ' shall be `ㄉㄜ'
ok 90 preedit buffer check function returned `0' shall be `0'
ok 91 preedit buffer get length function returned `0' shall be `0'
ok 92 preedit buffer string function returned `' shall be `'
ok 93 preedit buffer string function returned `' shall be `'
ok 94 bopomofo buffer check function returned `0' shall be `0'
ok 95 bopomofo buffer check function returned `1' shall be `1'
ok 96 bopomofo buffer string function returned parameter `0' shall be `0'
ok 97 bopomofo buffer string function returned `' shall be `'
ok 98 bopomofo buffer string function returned `' shall be `'
ok 99 preedit buffer check function returned `0' shall be `0'
ok 100 preedit buffer get length function returned `0' shall be `0'
ok 101 preedit buffer string function returned `' shall be `'
ok 102 preedit buffer string function returned `' shall be `'
ok 103 bopomofo buffer check function returned `1' shall be `1'
ok 104 bopomofo buffer check function returned `0' shall be `0'
ok 105 bopomofo buffer string function returned parameter `2' shall be `2'
ok 106 bopomofo buffer string function returned `ㄨㄛ' shall be `ㄨㄛ'
ok 107 bopomofo buffer string function returned `ㄨㄛ' shall be `ㄨㄛ'
ok 108 preedit buffer check function returned `0' shall be `0'
ok 109 preedit buffer get length function returned `0' shall be `0'
ok 110 preedit buffer string function returned `' shall be `'
ok 111 preedit buffer string function returned `' shall be `'
ok 112 bopomofo buffer check function returned `0' shall be `0'
ok 113 bopomofo buffer check function returned `1' shall be `1'
ok 114 bopomofo buffer string function returned parameter `0' shall be `0'
ok 115 bopomofo buffer string function returned `' shall be `'
ok 116 bopomofo buffer string function returned `' shall be `'
ok 117 preedit buffer check function returned `0' shall be `0'
ok 118 preedit buffer get length function returned `0' shall be `0'
ok 119 preedit buffer string function returned `' shall be `'
ok 120 preedit buffer string function returned `' shall be `'
#
# test_select_candidate_in_middle_no_reaward
#
ok 121 chewing_cand_open return 0 shall be 0
ok 122 first candidate `適宜' shall be `適宜'
ok 123 chewing_cand_list_next return 0 shall be 0
ok 124 first candidate `市' shall be `市'
#
# test_select_candidate_in_middle_reaward
#
ok 125 chewing_cand_open return 0 shall be 0
ok 126 first candidate `測試' shall be `測試'
ok 127 chewing_cand_list_next return 0 shall be 0
ok 128 first candidate `市' shall be `市'
#
# test_Esc_not_entering_chewing
#
ok 129 keystroke rtn `1' shall be `1'
ok 130 keystroke rtn `0' shall be `0'
ok 131 keystroke rtn `0' shall be `0'
#
# test_Esc_in_select
#
ok 132 shall not have next candidate
ok 133 candndate `' shall be `'
ok 134 candndate `' shall be `'
#
# test_Esc_entering_bopomofo
#
ok 135 bopomofo buffer check function returned `0' shall be `0'
ok 136 bopomofo buffer check function returned `1' shall be `1'
ok 137 bopomofo buffer string function returned parameter `0' shall be `0'
ok 138 bopomofo buffer string function returned `' shall be `'
ok 139 bopomofo buffer string function returned `' shall be `'
#
# test_Esc_escCleanAllBuf
#
ok 140 bopomofo buffer check function returned `0' shall be `0'
ok 141 bopomofo buffer check function returned `1' shall be `1'
ok 142 bopomofo buffer string function returned parameter `0' shall be `0'
ok 143 bopomofo buffer string function returned `' shall be `'
ok 144 bopomofo buffer string function returned `' shall be `'
ok 145 preedit buffer check function returned `0' shall be `0'
ok 146 preedit buffer get length function returned `0' shall be `0'
ok 147 preedit buffer string function returned `' shall be `'
ok 148 preedit buffer string function returned `' shall be `'
ok 149 commit buffer check function returned `0' shall be `0'
ok 150 commit buffer string function returned `' shall be `'
ok 151 commit buffer string function returned `' shall be `'
#
# test_Del_not_entering_chewing
#
ok 152 keystroke rtn `1' shall be `1'
ok 153 keystroke rtn `0' shall be `0'
ok 154 keystroke rtn `0' shall be `0'
#
# test_Del_in_select
#
ok 155 keystroke rtn `0' shall be `0'
ok 156 keystroke rtn `0' shall be `0'
ok 157 keystroke rtn `1' shall be `1'
#
# test_Del_word
#
ok 158 commit buffer check function returned `1' shall be `1'
ok 159 commit buffer string function returned `測試' shall be `測試'
ok 160 commit buffer string function returned `測試' shall be `測試'
#
# test_Backspace_not_entering_chewing
#
ok 161 keystroke rtn `1' shall be `1'
ok 162 keystroke rtn `0' shall be `0'
ok 163 keystroke rtn `0' shall be `0'
#
# test_Backspace_in_select
#
ok 164 shall not have next candidate
ok 165 candndate `' shall be `'
ok 166 candndate `' shall be `'
ok 167 chewing_cand_TotalChoice() returns `0' shall be `0'
ok 168 chewing_cand_TotalChoice() returns `26' shall be greater than `0'
ok 169 chewing_cand_TotalChoice() returns `0' shall be `0'
#
# test_Backspace_remove_bopomofo
#
ok 170 bopomofo buffer check function returned `1' shall be `1'
ok 171 bopomofo buffer check function returned `0' shall be `0'
ok 172 bopomofo buffer string function returned parameter `1' shall be `1'
ok 173 bopomofo buffer string function returned `ㄘ' shall be `ㄘ'
ok 174 bopomofo buffer string function returned `ㄘ' shall be `ㄘ'
#
# test_Backspace_word
#
ok 175 commit buffer check function returned `1' shall be `1'
ok 176 commit buffer string function returned `測試' shall be `測試'
ok 177 commit buffer string function returned `測試' shall be `測試'
#
# test_Up_close_candidate_window_word
#
ok 178 chewing_cand_TotalChoice() returns `0' shall be `0'
ok 179 chewing_cand_TotalChoice() returns `26' shall be greater than `0'
ok 180 chewing_cand_TotalChoice() returns `0' shall be `0'
#
# test_Up_close_candidate_window_symbol
#
ok 181 chewing_cand_TotalChoice() returns `0' shall be `0'
ok 182 chewing_cand_TotalChoice() returns `17' shall be greater than `0'
ok 183 chewing_cand_TotalChoice() returns `0' shall be `0'
#
# test_Up_not_entering_chewing
#
ok 184 keystroke rtn `1' shall be `1'
ok 185 keystroke rtn `0' shall be `0'
ok 186 keystroke rtn `0' shall be `0'
#
# test_Down_open_candidate_window
#
ok 187 chewing_cand_TotalChoice() returns `0' shall be `0'
ok 188 chewing_cand_TotalChoice() returns `26' shall be greater than `0'
ok 189 chewing_cand_TotalChoice() returns `0' shall be `0'
ok 190 preedit buffer check function returned `1' shall be `1'
ok 191 preedit buffer get length function returned `1' shall be `1'
ok 192 preedit buffer string function returned `測' shall be `測'
ok 193 preedit buffer string function returned `測' shall be `測'
#
# test_Down_not_entering_chewing
#
ok 194 keystroke rtn `1' shall be `1'
ok 195 keystroke rtn `0' shall be `0'
ok 196 keystroke rtn `0' shall be `0'
#
# test_Tab_insert_breakpoint_between_word
#
ok 197 shall have next interval
ok 198 interval (0, 2) shall be (0, 2)
ok 199 shall not have next interval
ok 200 shall have next interval
ok 201 interval (0, 1) shall be (0, 1)
ok 202 shall have next interval
ok 203 interval (1, 2) shall be (1, 2)
ok 204 shall not have next interval
#
# test_Tab_connect_word
#
ok 205 shall have next interval
ok 206 interval (0, 1) shall be (0, 1)
ok 207 shall have next interval
ok 208 interval (1, 2) shall be (1, 2)
ok 209 shall not have next interval
ok 210 shall have next interval
ok 211 interval (0, 2) shall be (0, 2)
ok 212 shall not have next interval
#
# test_Tab_at_the_end
#
ok 213 preedit buffer check function returned `1' shall be `1'
ok 214 preedit buffer get length function returned `4' shall be `4'
ok 215 preedit buffer string function returned `測試一下' shall be `測試一下'
ok 216 preedit buffer string function returned `測試一下' shall be `測試一下'
ok 217 preedit buffer check function returned `1' shall be `1'
ok 218 preedit buffer get length function returned `4' shall be `4'
ok 219 preedit buffer string function returned `測試儀下' shall be `測試儀下'
ok 220 preedit buffer string function returned `測試儀下' shall be `測試儀下'
ok 221 preedit buffer check function returned `1' shall be `1'
ok 222 preedit buffer get length function returned `4' shall be `4'
ok 223 preedit buffer string function returned `測試一下' shall be `測試一下'
ok 224 preedit buffer string function returned `測試一下' shall be `測試一下'
#
# test_Capslock
#
ok 225 mode shall be CHINESE_MODE
ok 226 bopomofo buffer check function returned `1' shall be `1'
ok 227 bopomofo buffer check function returned `0' shall be `0'
ok 228 bopomofo buffer string function returned parameter `2' shall be `2'
ok 229 bopomofo buffer string function returned `ㄨㄛ' shall be `ㄨㄛ'
ok 230 bopomofo buffer string function returned `ㄨㄛ' shall be `ㄨㄛ'
ok 231 preedit buffer check function returned `0' shall be `0'
ok 232 preedit buffer get length function returned `0' shall be `0'
ok 233 preedit buffer string function returned `' shall be `'
ok 234 preedit buffer string function returned `' shall be `'
ok 235 commit buffer check function returned `0' shall be `0'
ok 236 commit buffer string function returned `' shall be `'
ok 237 commit buffer string function returned `' shall be `'
ok 238 mode shall change to SYMBOL_MODE
ok 239 bopomofo buffer check function returned `0' shall be `0'
ok 240 bopomofo buffer check function returned `1' shall be `1'
ok 241 bopomofo buffer string function returned parameter `0' shall be `0'
ok 242 bopomofo buffer string function returned `' shall be `'
ok 243 bopomofo buffer string function returned `' shall be `'
ok 244 preedit buffer check function returned `0' shall be `0'
ok 245 preedit buffer get length function returned `0' shall be `0'
ok 246 preedit buffer string function returned `' shall be `'
ok 247 preedit buffer string function returned `' shall be `'
ok 248 commit buffer check function returned `0' shall be `0'
ok 249 commit buffer string function returned `' shall be `'
ok 250 commit buffer string function returned `' shall be `'
#
# test_Home
#
ok 251 cursor `2' shall be 2
ok 252 cursor `0' shall be 0
#
# test_End
#
ok 253 cursor `0' shall be 0
ok 254 cursor `2' shall be 2
#
# test_PageUp_not_entering_chewing
#
ok 255 cursor `0' shall be 0
ok 256 cursor `2' shall be 2
#
# test_PageUp_in_select
#
ok 257 total page shall be 3
ok 258 current page shall be 0
ok 259 current page shall be 2
ok 260 current page shall be 1
#
# test_PageDown_not_entering_chewing
#
ok 261 cursor `0' shall be 0
ok 262 cursor `2' shall be 2
#
# test_PageDown_in_select
#
ok 263 total page shall be 3
ok 264 current page shall be 0
ok 265 current page shall be 1
ok 266 current page shall be 0
#
# test_ShiftSpace
#
ok 267 mode shall be HALFSHAPE_MODE
not ok 268 mode shall be FULLSHAPE_MODE
# mode == FULLSHAPE_MODE failed in /home/workspace/test/test-bopomofo.c:1029
ok 269 commit buffer check function returned `1' shall be `1'
not ok 270 commit buffer string function returned ` ' shall be `　'
# !strcmp( buf, expected ) failed in /home/workspace/test/test-bopomofo.c:1032
not ok 271 commit buffer string function returned ` ' shall be `　'
# !strcmp( const_buf, expected ) failed in /home/workspace/test/test-bopomofo.c:1032
ok 272 commit buffer check function returned `1' shall be `1'
not ok 273 commit buffer string function returned `a' shall be `ａ'
# !strcmp( buf, expected ) failed in /home/workspace/test/test-bopomofo.c:1036
not ok 274 commit buffer string function returned `a' shall be `ａ'
# !strcmp( const_buf, expected ) failed in /home/workspace/test/test-bopomofo.c:1036
#
# test_Numlock_numeric_input
#
ok 275 commit buffer check function returned `1' shall be `1'
ok 276 commit buffer string function returned `0' shall be `0'
ok 277 commit buffer string function returned `0' shall be `0'
ok 278 commit buffer check function returned `1' shall be `1'
ok 279 commit buffer string function returned `1' shall be `1'
ok 280 commit buffer string function returned `1' shall be `1'
ok 281 commit buffer check function returned `1' shall be `1'
ok 282 commit buffer string function returned `2' shall be `2'
ok 283 commit buffer string function returned `2' shall be `2'
ok 284 commit buffer check function returned `1' shall be `1'
ok 285 commit buffer string function returned `3' shall be `3'
ok 286 commit buffer string function returned `3' shall be `3'
ok 287 commit buffer check function returned `1' shall be `1'
ok 288 commit buffer string function returned `4' shall be `4'
ok 289 commit buffer string function returned `4' shall be `4'
ok 290 commit buffer check function returned `1' shall be `1'
ok 291 commit buffer string function returned `5' shall be `5'
ok 292 commit buffer string function returned `5' shall be `5'
ok 293 commit buffer check function returned `1' shall be `1'
ok 294 commit buffer string function returned `6' shall be `6'
ok 295 commit buffer string function returned `6' shall be `6'
ok 296 commit buffer check function returned `1' shall be `1'
ok 297 commit buffer string function returned `7' shall be `7'
ok 298 commit buffer string function returned `7' shall be `7'
ok 299 commit buffer check function returned `1' shall be `1'
ok 300 commit buffer string function returned `8' shall be `8'
ok 301 commit buffer string function returned `8' shall be `8'
ok 302 commit buffer check function returned `1' shall be `1'
ok 303 commit buffer string function returned `9' shall be `9'
ok 304 commit buffer string function returned `9' shall be `9'
ok 305 commit buffer check function returned `1' shall be `1'
ok 306 commit buffer string function returned `+' shall be `+'
ok 307 commit buffer string function returned `+' shall be `+'
ok 308 commit buffer check function returned `1' shall be `1'
ok 309 commit buffer string function returned `-' shall be `-'
ok 310 commit buffer string function returned `-' shall be `-'
ok 311 commit buffer check function returned `1' shall be `1'
ok 312 commit buffer string function returned `*' shall be `*'
ok 313 commit buffer string function returned `*' shall be `*'
ok 314 commit buffer check function returned `1' shall be `1'
ok 315 commit buffer string function returned `/' shall be `/'
ok 316 commit buffer string function returned `/' shall be `/'
ok 317 commit buffer check function returned `1' shall be `1'
ok 318 commit buffer string function returned `.' shall be `.'
ok 319 commit buffer string function returned `.' shall be `.'
#
# test_Numlock_select_candidate
#
ok 320 commit buffer check function returned `1' shall be `1'
ok 321 commit buffer string function returned `冊' shall be `冊'
ok 322 commit buffer string function returned `冊' shall be `冊'
ok 323 commit buffer check function returned `1' shall be `1'
ok 324 commit buffer string function returned `策' shall be `策'
ok 325 commit buffer string function returned `策' shall be `策'
ok 326 commit buffer check function returned `1' shall be `1'
ok 327 commit buffer string function returned `測' shall be `測'
ok 328 commit buffer string function returned `測' shall be `測'
ok 329 commit buffer check function returned `1' shall be `1'
ok 330 commit buffer string function returned `側' shall be `側'
ok 331 commit buffer string function returned `側' shall be `側'
ok 332 commit buffer check function returned `1' shall be `1'
ok 333 commit buffer string function returned `廁' shall be `廁'
ok 334 commit buffer string function returned `廁' shall be `廁'
ok 335 commit buffer check function returned `1' shall be `1'
ok 336 commit buffer string function returned `惻' shall be `惻'
ok 337 commit buffer string function returned `惻' shall be `惻'
ok 338 commit buffer check function returned `1' shall be `1'
ok 339 commit buffer string function returned `筴' shall be `筴'
ok 340 commit buffer string function returned `筴' shall be `筴'
ok 341 commit buffer check function returned `1' shall be `1'
ok 342 commit buffer string function returned `畟' shall be `畟'
ok 343 commit buffer string function returned `畟' shall be `畟'
ok 344 commit buffer check function returned `1' shall be `1'
ok 345 commit buffer string function returned `茦' shall be `茦'
ok 346 commit buffer string function returned `茦' shall be `茦'
ok 347 commit buffer check function returned `1' shall be `1'
ok 348 commit buffer string function returned `粣' shall be `粣'
ok 349 commit buffer string function returned `粣' shall be `粣'
#
# test_Space_selection_word
#
ok 350 candidate `測試' length `2' shall be `2'
ok 351 candidate `冊' length `1' shall be `1'
ok 352 current page shall be 1
#
# test_Space_selection_symbol
#
ok 353 first candidate list head `…' shall be `…'
ok 354 second candidate list head `雙線框' shall be `雙線框'
ok 355 first candidate list head `…' shall be `…'
#
# test_get_phoneSeq
#
ok 356 phoneSeqLen `2' shall be `2'
ok 357 phoneSeq shall be expected value
ok 358 phoneSeqLen `4' shall be `4'
ok 359 phoneSeq shall be expected value
ok 360 phoneSeqLen `0' shall be `0'
ok 361 phoneSeq shall be expected value
#
# test_bopomofo_buffer
#
ok 362 bopomofo buffer check function returned `1' shall be `1'
ok 363 bopomofo buffer check function returned `0' shall be `0'
ok 364 bopomofo buffer string function returned parameter `3' shall be `3'
ok 365 bopomofo buffer string function returned `ㄅㄧㄠ' shall be `ㄅㄧㄠ'
ok 366 bopomofo buffer string function returned `ㄅㄧㄠ' shall be `ㄅㄧㄠ'
ok 367 bopomofo buffer check function returned `0' shall be `0'
ok 368 bopomofo buffer check function returned `1' shall be `1'
ok 369 bopomofo buffer string function returned parameter `0' shall be `0'
ok 370 bopomofo buffer string function returned `' shall be `'
ok 371 bopomofo buffer string function returned `' shall be `'
ok 372 bopomofo buffer check function returned `1' shall be `1'
ok 373 bopomofo buffer check function returned `0' shall be `0'
ok 374 bopomofo buffer string function returned parameter `2' shall be `2'
ok 375 bopomofo buffer string function returned `ㄧㄠ' shall be `ㄧㄠ'
ok 376 bopomofo buffer string function returned `ㄧㄠ' shall be `ㄧㄠ'
ok 377 bopomofo buffer check function returned `0' shall be `0'
ok 378 bopomofo buffer check function returned `1' shall be `1'
ok 379 bopomofo buffer string function returned parameter `0' shall be `0'
ok 380 bopomofo buffer string function returned `' shall be `'
ok 381 bopomofo buffer string function returned `' shall be `'
ok 382 bopomofo buffer check function returned `1' shall be `1'
ok 383 bopomofo buffer check function returned `0' shall be `0'
ok 384 bopomofo buffer string function returned parameter `1' shall be `1'
ok 385 bopomofo buffer string function returned `ˇ' shall be `ˇ'
ok 386 bopomofo buffer string function returned `ˇ' shall be `ˇ'
ok 387 bopomofo buffer check function returned `0' shall be `0'
ok 388 bopomofo buffer check function returned `1' shall be `1'
ok 389 bopomofo buffer string function returned parameter `0' shall be `0'
ok 390 bopomofo buffer string function returned `' shall be `'
ok 391 bopomofo buffer string function returned `' shall be `'
#
# test_longest_phrase
#
ok 392 preedit buffer check function returned `1' shall be `1'
ok 393 preedit buffer get length function returned `11' shall be `11'
ok 394 preedit buffer string function returned `金窩銀窩不如自己的狗窩' shall be `金窩銀窩不如自己的狗窩'
ok 395 preedit buffer string function returned `金窩銀窩不如自己的狗窩' shall be `金窩銀窩不如自己的狗窩'
ok 396 shall have next interval
ok 397 interval (0, 11) shall be (0, 11)
#
# test_auto_commit_phrase
#
ok 398 preedit buffer check function returned `1' shall be `1'
ok 399 preedit buffer get length function returned `2' shall be `2'
ok 400 preedit buffer string function returned `測試' shall be `測試'
ok 401 preedit buffer string function returned `測試' shall be `測試'
ok 402 commit buffer check function returned `1' shall be `1'
ok 403 commit buffer string function returned `測試' shall be `測試'
ok 404 commit buffer string function returned `測試' shall be `測試'
#
# test_interval
#
ok 405 preedit buffer check function returned `1' shall be `1'
ok 406 preedit buffer get length function returned `7' shall be `7'
ok 407 preedit buffer string function returned `，測試，測試，' shall be `，測試，測試，'
ok 408 preedit buffer string function returned `，測試，測試，' shall be `，測試，測試，'
ok 409 shall have next interval
ok 410 interval (1, 3) shall be (1, 3)
ok 411 shall have next interval
ok 412 interval (4, 6) shall be (4, 6)
ok 413 shall not have next interval


0% tests passed, 1 tests failed out of 1

Total Test time (real) =   0.05 sec

The following tests FAILED:
	  1 - test-bopomofo (Failed)
Errors while running CTest
