Internal ctest changing into directory: /home/workspace/build
Test project /home/workspace/build
    Start 1: test-bopomofo
1/1 Test #1: test-bopomofo ....................***Failed    0.05 sec
#
# test_select_candidate_no_rearward
#
ok 1 shall has next candidate
ok 2 candidate `一上來' shall be `一上來'
ok 3 candndate `一上來' shall be `一上來'
ok 4 shall has next candidate
ok 5 candidate `移上來' shall be `移上來'
ok 6 candndate `移上來' shall be `移上來'
ok 7 shall not have next candidate
ok 8 candndate `' shall be `'
ok 9 candndate `' shall be `'
ok 10 shall has next candidate
ok 11 candidate `移上' shall be `移上'
ok 12 candndate `移上' shall be `移上'
ok 13 shall not have next candidate
ok 14 candndate `' shall be `'
ok 15 candndate `' shall be `'
ok 16 commit buffer check function returned `1' shall be `1'
ok 17 commit buffer string function returned `移上來' shall be `移上來'
ok 18 commit buffer string function returned `移上來' shall be `移上來'
#
# test_select_candidate_rearward
#
ok 19 preedit buffer check function returned `1' shall be `1'
ok 20 preedit buffer get length function returned `3' shall be `3'
ok 21 preedit buffer string function returned `一上來' shall be `一上來'
ok 22 preedit buffer string function returned `一上來' shall be `一上來'
ok 23 shall has next candidate
ok 24 candidate `一上來' shall be `一上來'
ok 25 candndate `一上來' shall be `一上來'
ok 26 shall has next candidate
ok 27 candidate `移上來' shall be `移上來'
ok 28 candndate `移上來' shall be `移上來'
ok 29 shall not have next candidate
ok 30 candndate `' shall be `'
ok 31 candndate `' shall be `'
ok 32 shall has next candidate
ok 33 candidate `上來' shall be `上來'
ok 34 candndate `上來' shall be `上來'
ok 35 shall not have next candidate
ok 36 candndate `' shall be `'
ok 37 candndate `' shall be `'
ok 38 commit buffer check function returned `1' shall be `1'
ok 39 commit buffer string function returned `移上來' shall be `移上來'
ok 40 commit buffer string function returned `移上來' shall be `移上來'
#
# test_select_candidate_no_rearward_with_symbol
#
ok 41 chewing_cand_TotalChoice() returns `5' shall greater than 0 at pos `0'
ok 42 candidate `測試' length `2' shall be `2' at pos `0'
ok 43 chewing_cand_TotalChoice() returns `100' shall greater than 0 at pos `1'
ok 44 candidate `市' length `1' shall be `1' at pos `1'
ok 45 chewing_cand_TotalChoice() returns `2' shall greater than 0 at pos `2'
ok 46 candidate `，' length `1' shall be `1' at pos `2'
ok 47 chewing_cand_TotalChoice() returns `3' shall greater than 0 at pos `3'
ok 48 candidate `一下' length `2' shall be `2' at pos `3'
ok 49 chewing_cand_TotalChoice() returns `23' shall greater than 0 at pos `4'
ok 50 candidate `下' length `1' shall be `1' at pos `4'
#
# test_select_candidate_rearward_with_symbol
#
ok 51 chewing_cand_TotalChoice() returns `26' shall greater than 0 at pos `0'
ok 52 candidate `冊' length `1' shall be `1' at pos `0'
ok 53 chewing_cand_TotalChoice() returns `5' shall greater than 0 at pos `1'
ok 54 candidate `測試' length `2' shall be `2' at pos `1'
ok 55 chewing_cand_TotalChoice() returns `2' shall greater than 0 at pos `2'
ok 56 candidate `，' length `1' shall be `1' at pos `2'
ok 57 chewing_cand_TotalChoice() returns `108' shall greater than 0 at pos `3'
ok 58 candidate `遺' length `1' shall be `1' at pos `3'
ok 59 chewing_cand_TotalChoice() returns `3' shall greater than 0 at pos `4'
ok 60 candidate `一下' length `2' shall be `2' at pos `4'
#
# test_select_candidate_no_rearward_start_with_symbol
#
ok 61 chewing_cand_TotalChoice() returns `2' shall greater than 0 at pos `0'
ok 62 candidate `，' length `1' shall be `1' at pos `0'
ok 63 chewing_cand_TotalChoice() returns `5' shall greater than 0 at pos `1'
ok 64 candidate `測試' length `2' shall be `2' at pos `1'
ok 65 chewing_cand_TotalChoice() returns `100' shall greater than 0 at pos `2'
ok 66 candidate `市' length `1' shall be `1' at pos `2'
#
# test_select_candidate_rearward_start_with_symbol
#
ok 67 chewing_cand_TotalChoice() returns `2' shall greater than 0 at pos `0'
ok 68 candidate `，' length `1' shall be `1' at pos `0'
ok 69 chewing_cand_TotalChoice() returns `26' shall greater than 0 at pos `1'
ok 70 candidate `冊' length `1' shall be `1' at pos `1'
ok 71 chewing_cand_TotalChoice() returns `5' shall greater than 0 at pos `2'
ok 72 candidate `測試' length `2' shall be `2' at pos `2'
#
# test_select_candidate_4_bytes_utf8
#
ok 73 preedit buffer check function returned `1' shall be `1'
ok 74 preedit buffer get length function returned `2' shall be `2'
ok 75 preedit buffer string function returned `得得' shall be `得得'
ok 76 preedit buffer string function returned `得得' shall be `得得'
ok 77 preedit buffer check function returned `1' shall be `1'
ok 78 preedit buffer get length function returned `2' shall be `2'
ok 79 preedit buffer string function returned `𢔨得' shall be `𢔨得'
ok 80 preedit buffer string function returned `𢔨得' shall be `𢔨得'
ok 81 preedit buffer check function returned `1' shall be `1'
ok 82 preedit buffer get length function returned `2' shall be `2'
ok 83 preedit buffer string function returned `𢔨𢔨' shall be `𢔨𢔨'
ok 84 preedit buffer string function returned `𢔨𢔨' shall be `𢔨𢔨'
#
# test_del_bopomofo_as_mode_switch
#
ok 85 bopomofo buffer check function returned `1' shall be `1'
ok 86 bopomofo buffer check function returned `0' shall be `0'
ok 87 bopomofo buffer string function returned parameter `2' shall be `2'
ok 88 bopomofo buffer string function returned `ㄉㄜ' shall be `ㄉㄜ'
ok 89 bopomofo buffer string function returned `ㄉㄜ' shall be `ㄉㄜ'
ok 90 preedit buffer check function returned `0' shall be `0'
ok 91 preedit buffer get length function returned `0' shall be `0'
ok 92 preedit buffer string function returned `' shall be `'
ok 93 preedit buffer string function returned `' shall be `'
ok 94 bopomofo buffer check function returned `0' shall be `0'
ok 95 bopomofo buffer check function returned `1' shall be `1'
ok 96 bopomofo buffer string function returned parameter `0' shall be `0'
ok 97 bopomofo buffer string function returned `' shall be `'
ok 98 bopomofo buffer string function returned `' shall be `'
ok 99 preedit buffer check function returned `0' shall be `0'
ok 100 preedit buffer get length function returned `0' shall be `0'
ok 101 preedit buffer string function returned `' shall be `'
ok 102 preedit buffer string function returned `' shall be `'
ok 103 bopomofo buffer check function returned `1' shall be `1'
ok 104 bopomofo buffer check function returned `0' shall be `0'
ok 105 bopomofo buffer string function returned parameter `2' shall be `2'
ok 106 bopomofo buffer string function returned `ㄨㄛ' shall be `ㄨㄛ'
ok 107 bopomofo buffer string function returned `ㄨㄛ' shall be `ㄨㄛ'
ok 108 preedit buffer check function returned `0' shall be `0'
ok 109 preedit buffer get length function returned `0' shall be `0'
ok 110 preedit buffer string function returned `' shall be `'
ok 111 preedit buffer string function returned `' shall be `'
ok 112 bopomofo buffer check function returned `0' shall be `0'
ok 113 bopomofo buffer check function returned `1' shall be `1'
ok 114 bopomofo buffer string function returned parameter `0' shall be `0'
ok 115 bopomofo buffer string function returned `' shall be `'
ok 116 bopomofo buffer string function returned `' shall be `'
ok 117 preedit buffer check function returned `0' shall be `0'
ok 118 preedit buffer get length function returned `0' shall be `0'
ok 119 preedit buffer string function returned `' shall be `'
ok 120 preedit buffer string function returned `' shall be `'
#
# test_Esc_not_entering_chewing
#
ok 121 keystroke rtn `1' shall be `1'
ok 122 keystroke rtn `0' shall be `0'
ok 123 keystroke rtn `0' shall be `0'
#
# test_Esc_in_select
#
ok 124 shall not have next candidate
ok 125 candndate `' shall be `'
ok 126 candndate `' shall be `'
#
# test_Esc_entering_zuin
#
ok 127 bopomofo buffer check function returned `0' shall be `0'
ok 128 bopomofo buffer check function returned `1' shall be `1'
ok 129 bopomofo buffer string function returned parameter `0' shall be `0'
ok 130 bopomofo buffer string function returned `' shall be `'
ok 131 bopomofo buffer string function returned `' shall be `'
#
# test_Esc_escCleanAllBuf
#
ok 132 bopomofo buffer check function returned `0' shall be `0'
ok 133 bopomofo buffer check function returned `1' shall be `1'
ok 134 bopomofo buffer string function returned parameter `0' shall be `0'
ok 135 bopomofo buffer string function returned `' shall be `'
ok 136 bopomofo buffer string function returned `' shall be `'
ok 137 preedit buffer check function returned `0' shall be `0'
ok 138 preedit buffer get length function returned `0' shall be `0'
ok 139 preedit buffer string function returned `' shall be `'
ok 140 preedit buffer string function returned `' shall be `'
ok 141 commit buffer check function returned `0' shall be `0'
ok 142 commit buffer string function returned `' shall be `'
ok 143 commit buffer string function returned `' shall be `'
#
# test_Del_not_entering_chewing
#
ok 144 keystroke rtn `1' shall be `1'
ok 145 keystroke rtn `0' shall be `0'
ok 146 keystroke rtn `0' shall be `0'
#
# test_Del_in_select
#
ok 147 keystroke rtn `0' shall be `0'
ok 148 keystroke rtn `0' shall be `0'
ok 149 keystroke rtn `1' shall be `1'
#
# test_Del_word
#
ok 150 commit buffer check function returned `1' shall be `1'
ok 151 commit buffer string function returned `測試' shall be `測試'
ok 152 commit buffer string function returned `測試' shall be `測試'
#
# test_Backspace_not_entering_chewing
#
ok 153 keystroke rtn `1' shall be `1'
ok 154 keystroke rtn `0' shall be `0'
ok 155 keystroke rtn `0' shall be `0'
#
# test_Backspace_in_select
#
ok 156 shall not have next candidate
ok 157 candndate `' shall be `'
ok 158 candndate `' shall be `'
ok 159 chewing_cand_TotalChoice() returns `0' shall be `0'
ok 160 chewing_cand_TotalChoice() returns `26' shall be greater than `0'
ok 161 chewing_cand_TotalChoice() returns `0' shall be `0'
#
# test_Backspace_remove_bopomofo
#
ok 162 bopomofo buffer check function returned `1' shall be `1'
ok 163 bopomofo buffer check function returned `0' shall be `0'
ok 164 bopomofo buffer string function returned parameter `1' shall be `1'
ok 165 bopomofo buffer string function returned `ㄘ' shall be `ㄘ'
ok 166 bopomofo buffer string function returned `ㄘ' shall be `ㄘ'
#
# test_Backspace_word
#
ok 167 commit buffer check function returned `1' shall be `1'
ok 168 commit buffer string function returned `測試' shall be `測試'
ok 169 commit buffer string function returned `測試' shall be `測試'
#
# test_Up_close_candidate_window_word
#
ok 170 chewing_cand_TotalChoice() returns `0' shall be `0'
ok 171 chewing_cand_TotalChoice() returns `26' shall be greater than `0'
ok 172 chewing_cand_TotalChoice() returns `0' shall be `0'
#
# test_Up_close_candidate_window_symbol
#
ok 173 chewing_cand_TotalChoice() returns `0' shall be `0'
ok 174 chewing_cand_TotalChoice() returns `17' shall be greater than `0'
not ok 175 chewing_cand_TotalChoice() returns `17' shall be `0'
# ret == 0 failed in /home/workspace/test/test-bopomofo.c:609
#
# test_Up_not_entering_chewing
#
ok 176 keystroke rtn `1' shall be `1'
ok 177 keystroke rtn `0' shall be `0'
ok 178 keystroke rtn `0' shall be `0'
#
# test_Down_open_candidate_window
#
ok 179 chewing_cand_TotalChoice() returns `0' shall be `0'
ok 180 chewing_cand_TotalChoice() returns `26' shall be greater than `0'
ok 181 chewing_cand_TotalChoice() returns `0' shall be `0'
ok 182 preedit buffer check function returned `1' shall be `1'
ok 183 preedit buffer get length function returned `1' shall be `1'
ok 184 preedit buffer string function returned `測' shall be `測'
ok 185 preedit buffer string function returned `測' shall be `測'
#
# test_Down_not_entering_chewing
#
ok 186 keystroke rtn `1' shall be `1'
ok 187 keystroke rtn `0' shall be `0'
ok 188 keystroke rtn `0' shall be `0'
#
# test_Tab_insert_breakpoint_between_word
#
ok 189 shall have next interval
ok 190 interval (0, 2) shall be (0, 2)
ok 191 shall not have next interval
ok 192 shall have next interval
ok 193 interval (0, 1) shall be (0, 1)
ok 194 shall have next interval
ok 195 interval (1, 2) shall be (1, 2)
ok 196 shall not have next interval
#
# test_Tab_connect_word
#
ok 197 shall have next interval
ok 198 interval (0, 1) shall be (0, 1)
ok 199 shall have next interval
ok 200 interval (1, 2) shall be (1, 2)
ok 201 shall not have next interval
ok 202 shall have next interval
ok 203 interval (0, 2) shall be (0, 2)
ok 204 shall not have next interval
#
# test_Tab_at_the_end
#
ok 205 preedit buffer check function returned `1' shall be `1'
ok 206 preedit buffer get length function returned `4' shall be `4'
ok 207 preedit buffer string function returned `測試一下' shall be `測試一下'
ok 208 preedit buffer string function returned `測試一下' shall be `測試一下'
ok 209 preedit buffer check function returned `1' shall be `1'
ok 210 preedit buffer get length function returned `4' shall be `4'
ok 211 preedit buffer string function returned `測試儀下' shall be `測試儀下'
ok 212 preedit buffer string function returned `測試儀下' shall be `測試儀下'
ok 213 preedit buffer check function returned `1' shall be `1'
ok 214 preedit buffer get length function returned `4' shall be `4'
ok 215 preedit buffer string function returned `測試一下' shall be `測試一下'
ok 216 preedit buffer string function returned `測試一下' shall be `測試一下'
#
# test_Capslock
#
ok 217 mode shall be CHINESE_MODE
ok 218 bopomofo buffer check function returned `1' shall be `1'
ok 219 bopomofo buffer check function returned `0' shall be `0'
ok 220 bopomofo buffer string function returned parameter `2' shall be `2'
ok 221 bopomofo buffer string function returned `ㄨㄛ' shall be `ㄨㄛ'
ok 222 bopomofo buffer string function returned `ㄨㄛ' shall be `ㄨㄛ'
ok 223 preedit buffer check function returned `0' shall be `0'
ok 224 preedit buffer get length function returned `0' shall be `0'
ok 225 preedit buffer string function returned `' shall be `'
ok 226 preedit buffer string function returned `' shall be `'
ok 227 commit buffer check function returned `0' shall be `0'
ok 228 commit buffer string function returned `' shall be `'
ok 229 commit buffer string function returned `' shall be `'
ok 230 mode shall change to SYMBOL_MODE
ok 231 bopomofo buffer check function returned `0' shall be `0'
ok 232 bopomofo buffer check function returned `1' shall be `1'
ok 233 bopomofo buffer string function returned parameter `0' shall be `0'
ok 234 bopomofo buffer string function returned `' shall be `'
ok 235 bopomofo buffer string function returned `' shall be `'
ok 236 preedit buffer check function returned `0' shall be `0'
ok 237 preedit buffer get length function returned `0' shall be `0'
ok 238 preedit buffer string function returned `' shall be `'
ok 239 preedit buffer string function returned `' shall be `'
ok 240 commit buffer check function returned `0' shall be `0'
ok 241 commit buffer string function returned `' shall be `'
ok 242 commit buffer string function returned `' shall be `'
#
# test_Home
#
ok 243 cursor `2' shall be 2
ok 244 cursor `0' shall be 0
#
# test_End
#
ok 245 cursor `0' shall be 0
ok 246 cursor `2' shall be 2
#
# test_PageUp_not_entering_chewing
#
ok 247 cursor `0' shall be 0
ok 248 cursor `2' shall be 2
#
# test_PageUp_in_select
#
ok 249 total page shall be 3
ok 250 current page shall be 0
ok 251 current page shall be 2
ok 252 current page shall be 1
#
# test_PageDown_not_entering_chewing
#
ok 253 cursor `0' shall be 0
ok 254 cursor `2' shall be 2
#
# test_PageDown_in_select
#
ok 255 total page shall be 3
ok 256 current page shall be 0
ok 257 current page shall be 1
ok 258 current page shall be 0
#
# test_Numlock_numeric_input
#
ok 259 commit buffer check function returned `1' shall be `1'
ok 260 commit buffer string function returned `0' shall be `0'
ok 261 commit buffer string function returned `0' shall be `0'
ok 262 commit buffer check function returned `1' shall be `1'
ok 263 commit buffer string function returned `1' shall be `1'
ok 264 commit buffer string function returned `1' shall be `1'
ok 265 commit buffer check function returned `1' shall be `1'
ok 266 commit buffer string function returned `2' shall be `2'
ok 267 commit buffer string function returned `2' shall be `2'
ok 268 commit buffer check function returned `1' shall be `1'
ok 269 commit buffer string function returned `3' shall be `3'
ok 270 commit buffer string function returned `3' shall be `3'
ok 271 commit buffer check function returned `1' shall be `1'
ok 272 commit buffer string function returned `4' shall be `4'
ok 273 commit buffer string function returned `4' shall be `4'
ok 274 commit buffer check function returned `1' shall be `1'
ok 275 commit buffer string function returned `5' shall be `5'
ok 276 commit buffer string function returned `5' shall be `5'
ok 277 commit buffer check function returned `1' shall be `1'
ok 278 commit buffer string function returned `6' shall be `6'
ok 279 commit buffer string function returned `6' shall be `6'
ok 280 commit buffer check function returned `1' shall be `1'
ok 281 commit buffer string function returned `7' shall be `7'
ok 282 commit buffer string function returned `7' shall be `7'
ok 283 commit buffer check function returned `1' shall be `1'
ok 284 commit buffer string function returned `8' shall be `8'
ok 285 commit buffer string function returned `8' shall be `8'
ok 286 commit buffer check function returned `1' shall be `1'
ok 287 commit buffer string function returned `9' shall be `9'
ok 288 commit buffer string function returned `9' shall be `9'
ok 289 commit buffer check function returned `1' shall be `1'
ok 290 commit buffer string function returned `+' shall be `+'
ok 291 commit buffer string function returned `+' shall be `+'
ok 292 commit buffer check function returned `1' shall be `1'
ok 293 commit buffer string function returned `-' shall be `-'
ok 294 commit buffer string function returned `-' shall be `-'
ok 295 commit buffer check function returned `1' shall be `1'
ok 296 commit buffer string function returned `*' shall be `*'
ok 297 commit buffer string function returned `*' shall be `*'
ok 298 commit buffer check function returned `1' shall be `1'
ok 299 commit buffer string function returned `/' shall be `/'
ok 300 commit buffer string function returned `/' shall be `/'
ok 301 commit buffer check function returned `1' shall be `1'
ok 302 commit buffer string function returned `.' shall be `.'
ok 303 commit buffer string function returned `.' shall be `.'
#
# test_Numlock_select_candidate
#
ok 304 commit buffer check function returned `1' shall be `1'
ok 305 commit buffer string function returned `冊' shall be `冊'
ok 306 commit buffer string function returned `冊' shall be `冊'
ok 307 commit buffer check function returned `1' shall be `1'
ok 308 commit buffer string function returned `策' shall be `策'
ok 309 commit buffer string function returned `策' shall be `策'
ok 310 commit buffer check function returned `1' shall be `1'
ok 311 commit buffer string function returned `測' shall be `測'
ok 312 commit buffer string function returned `測' shall be `測'
ok 313 commit buffer check function returned `1' shall be `1'
ok 314 commit buffer string function returned `側' shall be `側'
ok 315 commit buffer string function returned `側' shall be `側'
ok 316 commit buffer check function returned `1' shall be `1'
ok 317 commit buffer string function returned `廁' shall be `廁'
ok 318 commit buffer string function returned `廁' shall be `廁'
ok 319 commit buffer check function returned `1' shall be `1'
ok 320 commit buffer string function returned `惻' shall be `惻'
ok 321 commit buffer string function returned `惻' shall be `惻'
ok 322 commit buffer check function returned `1' shall be `1'
ok 323 commit buffer string function returned `筴' shall be `筴'
ok 324 commit buffer string function returned `筴' shall be `筴'
ok 325 commit buffer check function returned `1' shall be `1'
ok 326 commit buffer string function returned `畟' shall be `畟'
ok 327 commit buffer string function returned `畟' shall be `畟'
ok 328 commit buffer check function returned `1' shall be `1'
ok 329 commit buffer string function returned `茦' shall be `茦'
ok 330 commit buffer string function returned `茦' shall be `茦'
ok 331 commit buffer check function returned `1' shall be `1'
ok 332 commit buffer string function returned `粣' shall be `粣'
ok 333 commit buffer string function returned `粣' shall be `粣'
#
# test_Space_selection_word
#
ok 334 candidate `測試' length `2' shall be `2'
ok 335 candidate `冊' length `1' shall be `1'
ok 336 current page shall be 1
#
# test_Space_selection_symbol
#
ok 337 first candidate list head `…' shall be `…'
ok 338 second candidate list head `雙線框' shall be `雙線框'
ok 339 first candidate list head `…' shall be `…'
#
# test_get_phoneSeq
#
ok 340 phoneSeqLen `2' shall be `2'
ok 341 phoneSeq shall be expected value
ok 342 phoneSeqLen `4' shall be `4'
ok 343 phoneSeq shall be expected value
ok 344 phoneSeqLen `0' shall be `0'
ok 345 phoneSeq shall be expected value
#
# test_zuin_buffer
#
ok 346 bopomofo buffer check function returned `1' shall be `1'
ok 347 bopomofo buffer check function returned `0' shall be `0'
ok 348 bopomofo buffer string function returned parameter `3' shall be `3'
ok 349 bopomofo buffer string function returned `ㄅㄧㄠ' shall be `ㄅㄧㄠ'
ok 350 bopomofo buffer string function returned `ㄅㄧㄠ' shall be `ㄅㄧㄠ'
ok 351 bopomofo buffer check function returned `0' shall be `0'
ok 352 bopomofo buffer check function returned `1' shall be `1'
ok 353 bopomofo buffer string function returned parameter `0' shall be `0'
ok 354 bopomofo buffer string function returned `' shall be `'
ok 355 bopomofo buffer string function returned `' shall be `'
ok 356 bopomofo buffer check function returned `1' shall be `1'
ok 357 bopomofo buffer check function returned `0' shall be `0'
ok 358 bopomofo buffer string function returned parameter `2' shall be `2'
ok 359 bopomofo buffer string function returned `ㄧㄠ' shall be `ㄧㄠ'
ok 360 bopomofo buffer string function returned `ㄧㄠ' shall be `ㄧㄠ'
ok 361 bopomofo buffer check function returned `0' shall be `0'
ok 362 bopomofo buffer check function returned `1' shall be `1'
ok 363 bopomofo buffer string function returned parameter `0' shall be `0'
ok 364 bopomofo buffer string function returned `' shall be `'
ok 365 bopomofo buffer string function returned `' shall be `'
ok 366 bopomofo buffer check function returned `1' shall be `1'
ok 367 bopomofo buffer check function returned `0' shall be `0'
ok 368 bopomofo buffer string function returned parameter `1' shall be `1'
ok 369 bopomofo buffer string function returned `ˇ' shall be `ˇ'
ok 370 bopomofo buffer string function returned `ˇ' shall be `ˇ'
ok 371 bopomofo buffer check function returned `0' shall be `0'
ok 372 bopomofo buffer check function returned `1' shall be `1'
ok 373 bopomofo buffer string function returned parameter `0' shall be `0'
ok 374 bopomofo buffer string function returned `' shall be `'
ok 375 bopomofo buffer string function returned `' shall be `'
#
# test_longest_phrase
#
ok 376 preedit buffer check function returned `1' shall be `1'
ok 377 preedit buffer get length function returned `11' shall be `11'
ok 378 preedit buffer string function returned `金窩銀窩不如自己的狗窩' shall be `金窩銀窩不如自己的狗窩'
ok 379 preedit buffer string function returned `金窩銀窩不如自己的狗窩' shall be `金窩銀窩不如自己的狗窩'
ok 380 shall have next interval
ok 381 interval (0, 11) shall be (0, 11)
#
# test_auto_commit_phrase
#
ok 382 preedit buffer check function returned `1' shall be `1'
ok 383 preedit buffer get length function returned `2' shall be `2'
ok 384 preedit buffer string function returned `測試' shall be `測試'
ok 385 preedit buffer string function returned `測試' shall be `測試'
ok 386 commit buffer check function returned `1' shall be `1'
ok 387 commit buffer string function returned `測試' shall be `測試'
ok 388 commit buffer string function returned `測試' shall be `測試'
#
# test_interval
#
ok 389 preedit buffer check function returned `1' shall be `1'
ok 390 preedit buffer get length function returned `7' shall be `7'
ok 391 preedit buffer string function returned `，測試，測試，' shall be `，測試，測試，'
ok 392 preedit buffer string function returned `，測試，測試，' shall be `，測試，測試，'
ok 393 shall have next interval
ok 394 interval (1, 3) shall be (1, 3)
ok 395 shall have next interval
ok 396 interval (4, 6) shall be (4, 6)
ok 397 shall not have next interval


0% tests passed, 1 tests failed out of 1

Total Test time (real) =   0.05 sec

The following tests FAILED:
	  1 - test-bopomofo (Failed)
Errors while running CTest
